<?xml version="1.0" encoding="UTF-8"?>
<!-- Generated by org.testng.reporters.JUnitXMLReporter -->
<testsuite hostname="WKWIN5337880" ignored="0" name="Prepayment Privilege Calculator Test " tests="2" failures="0" timestamp="06 Nov 2018 17:59:29 GMT" time="19.092" errors="0">
  <testcase name="dataValidationTest" time="2.851" classname="AutomationTesting.PrepaymentPrivilegeCalculator.PrepaymentPrivilegeCalculatorTest"/>
  <testcase name="errorValidationTest" time="3.202" classname="AutomationTesting.PrepaymentPrivilegeCalculator.PrepaymentPrivilegeCalculatorTest"/>
</testsuite> <!-- Prepayment Privilege Calculator Test  -->
