<?xml version="1.0" encoding="UTF-8"?>
<testng-results skipped="0" failed="0" ignored="0" total="1" passed="1">
  <reporter-output>
    <line>
      <![CDATA[http://www.cc.com/is opened in browser]]>
    </line>
    <line>
      <![CDATA[the clicked show page is opened]]>
    </line>
    <line>
      <![CDATA[Bottom page Footer links..actions... ]]>
    </line>
    <line>
      <![CDATA[TERMS OF USE]]>
    </line>
    <line>
      <![CDATA[PRIVACY POLICY/YOUR CA PRIVACY RIGHTS]]>
    </line>
    <line>
      <![CDATA[CA DO NOT SELL MY INFO]]>
    </line>
    <line>
      <![CDATA[COPYRIGHT COMPLIANCE]]>
    </line>
    <line>
      <![CDATA[HELP / FAQ]]>
    </line>
    <line>
      <![CDATA[CLOSED CAPTIONING CONTACT]]>
    </line>
    <line>
      <![CDATA[CAREERS]]>
    </line>
    <line>
      <![CDATA[AD CHOICES]]>
    </line>
    <line>
      <![CDATA[KEEP VIACOM]]>
    </line>
    <line>
      <![CDATA[TV RATINGS]]>
    </line>
    <line>
      <![CDATA[First Url : http://sc.cc.com/b/ss/viacomedycentral/1/H.25.5/s26618556856807?AQB=1&pccr=true&vidn=2FA094F885159593-600006ED62637E5A&ndh=1&t=22%2F7%2F2020%2019%3A51%3A35%206%20-330&fid=60890F93C772AED1-2CB2EDC9104FD037&ce=UTF-8&ns=mtvn&pageName=home%2Findex&g=http%3A%2F%2Fwww.cc.com%2F&c.&v.&balaNotifier=view&.v&.c&ch=cc%7Chomepage&events=event16&v6=no-show&c8=no-show&c9=Home%20Page&v9=home%2Findex&v10=ALLTRAFFIC%3AComedyCentral&c15=no-franchise&c21=ALLTRAFFIC%3AComedyCentral&c28=ENT_P001&c33=Saturday&c34=10%3A00AM&c35=home%2Findex&c41=New&v45=Saturday&v46=10%3A00AM&v49=cc%7Chomepage&v64=eng&v68=no-franchise&h1=home%2Findex&s=1366x768&c=24&j=1.6&v=N&k=Y&bw=1366&bh=613&p=Chrome%20PDF%20Plugin%3BChrome%20PDF%20Viewer%3BNative%20Client%3B&AQE=1]]>
    </line>
    <line>
      <![CDATA[c9 parameter value is : Home%20Page]]>
    </line>
  </reporter-output>
  <suite name="RestSuite" duration-ms="53562" started-at="2020-08-22T14:21:17Z" finished-at="2020-08-22T14:22:11Z">
    <groups>
    </groups>
    <test name="RestGetRequest" duration-ms="53562" started-at="2020-08-22T14:21:17Z" finished-at="2020-08-22T14:22:11Z">
      <class name="tests.CCAutomationTest">
        <test-method status="PASS" signature="setup()[pri:0, instance:tests.CCAutomationTest@1bce4f0a]" name="setup" is-config="true" duration-ms="27523" started-at="2020-08-22T14:21:17Z" finished-at="2020-08-22T14:21:45Z">
          <reporter-output>
            <line>
              <![CDATA[http://www.cc.com/is opened in browser]]>
            </line>
          </reporter-output>
        </test-method> <!-- setup -->
        <test-method status="PASS" signature="book()[pri:0, instance:tests.CCAutomationTest@1bce4f0a]" name="book" duration-ms="22597" started-at="2020-08-22T14:21:46Z" finished-at="2020-08-22T14:22:08Z">
          <reporter-output>
            <line>
              <![CDATA[the clicked show page is opened]]>
            </line>
            <line>
              <![CDATA[Bottom page Footer links..actions... ]]>
            </line>
            <line>
              <![CDATA[TERMS OF USE]]>
            </line>
            <line>
              <![CDATA[PRIVACY POLICY/YOUR CA PRIVACY RIGHTS]]>
            </line>
            <line>
              <![CDATA[CA DO NOT SELL MY INFO]]>
            </line>
            <line>
              <![CDATA[COPYRIGHT COMPLIANCE]]>
            </line>
            <line>
              <![CDATA[HELP / FAQ]]>
            </line>
            <line>
              <![CDATA[CLOSED CAPTIONING CONTACT]]>
            </line>
            <line>
              <![CDATA[CAREERS]]>
            </line>
            <line>
              <![CDATA[AD CHOICES]]>
            </line>
            <line>
              <![CDATA[KEEP VIACOM]]>
            </line>
            <line>
              <![CDATA[TV RATINGS]]>
            </line>
            <line>
              <![CDATA[First Url : http://sc.cc.com/b/ss/viacomedycentral/1/H.25.5/s26618556856807?AQB=1&pccr=true&vidn=2FA094F885159593-600006ED62637E5A&ndh=1&t=22%2F7%2F2020%2019%3A51%3A35%206%20-330&fid=60890F93C772AED1-2CB2EDC9104FD037&ce=UTF-8&ns=mtvn&pageName=home%2Findex&g=http%3A%2F%2Fwww.cc.com%2F&c.&v.&balaNotifier=view&.v&.c&ch=cc%7Chomepage&events=event16&v6=no-show&c8=no-show&c9=Home%20Page&v9=home%2Findex&v10=ALLTRAFFIC%3AComedyCentral&c15=no-franchise&c21=ALLTRAFFIC%3AComedyCentral&c28=ENT_P001&c33=Saturday&c34=10%3A00AM&c35=home%2Findex&c41=New&v45=Saturday&v46=10%3A00AM&v49=cc%7Chomepage&v64=eng&v68=no-franchise&h1=home%2Findex&s=1366x768&c=24&j=1.6&v=N&k=Y&bw=1366&bh=613&p=Chrome%20PDF%20Plugin%3BChrome%20PDF%20Viewer%3BNative%20Client%3B&AQE=1]]>
            </line>
            <line>
              <![CDATA[c9 parameter value is : Home%20Page]]>
            </line>
          </reporter-output>
        </test-method> <!-- book -->
        <test-method status="PASS" signature="cleanup()[pri:0, instance:tests.CCAutomationTest@1bce4f0a]" name="cleanup" is-config="true" duration-ms="2758" started-at="2020-08-22T14:22:08Z" finished-at="2020-08-22T14:22:11Z">
          <reporter-output>
          </reporter-output>
        </test-method> <!-- cleanup -->
      </class> <!-- tests.CCAutomationTest -->
    </test> <!-- RestGetRequest -->
  </suite> <!-- RestSuite -->
</testng-results>
